{
  "stats": {
    "suites": 1,
    "tests": 3,
    "passes": 3,
    "pending": 0,
    "failures": 0,
    "start": "2025-07-29T19:13:36.753Z",
    "end": "2025-07-29T19:13:49.190Z",
    "duration": 12437,
    "testsRegistered": 3,
    "passPercent": 100,
    "pendingPercent": 0,
    "other": 0,
    "hasOther": false,
    "skipped": 0,
    "hasSkipped": false
  },
  "results": [
    {
      "uuid": "82cf93c2-ddfc-4531-a1ce-6cdc0ba17199",
      "title": "",
      "fullFile": "cypress\\e2e\\bugbank.cy.js",
      "file": "cypress\\e2e\\bugbank.cy.js",
      "beforeHooks": [],
      "afterHooks": [],
      "tests": [],
      "suites": [
        {
          "uuid": "129abe2f-7f7c-4036-8644-32b8b9dce2f7",
          "title": "login",
          "fullFile": "",
          "file": "",
          "beforeHooks": [],
          "afterHooks": [],
          "tests": [
            {
              "title": "Cadastro de Usuário com Sucesso",
              "fullTitle": "login Cadastro de Usuário com Sucesso",
              "timedOut": null,
              "duration": 3297,
              "state": "passed",
              "speed": "fast",
              "pass": true,
              "fail": false,
              "pending": false,
              "context": null,
              "code": "cy.get('.ihdmxA').click();\ncy.get(':nth-child(2) > .input__default').type('willian@gmail.com', {\n  force: true\n});\ncy.get(':nth-child(3) > .input__default').type('willian rocha', {\n  force: true\n});\ncy.get(':nth-child(4) > .style__ContainerFieldInput-sc-s3e9ea-0 > .input__default').type('senha123', {\n  force: true\n});\ncy.get(':nth-child(5) > .style__ContainerFieldInput-sc-s3e9ea-0 > .input__default').type('senha123', {\n  force: true\n});\ncy.get('label#toggleAddBalance').click({\n  force: true\n});\ncy.contains('Cadastrar').click({\n  force: true\n});\ncy.get('#modalText').contains(/^A conta \\d{1,3}-\\d foi criada com sucesso$/).should('be.visible');\ncy.contains('Fechar').click();",
              "err": {},
              "uuid": "767daae0-ce43-4bbe-899a-20eb0d11ba55",
              "parentUUID": "129abe2f-7f7c-4036-8644-32b8b9dce2f7",
              "isHook": false,
              "skipped": false
            },
            {
              "title": "Cadastro de usuário com dados inválidos",
              "fullTitle": "login Cadastro de usuário com dados inválidos",
              "timedOut": null,
              "duration": 2256,
              "state": "passed",
              "speed": "fast",
              "pass": true,
              "fail": false,
              "pending": false,
              "context": null,
              "code": "cy.get('.ihdmxA').click();\ncy.get(':nth-child(2) > .input__default').type('willian', {\n  force: true\n});\ncy.get(':nth-child(3) > .input__default').type('willian rocha', {\n  force: true\n});\ncy.get(':nth-child(4) > .style__ContainerFieldInput-sc-s3e9ea-0 > .input__default').type('senha123', {\n  force: true\n});\ncy.get(':nth-child(5) > .style__ContainerFieldInput-sc-s3e9ea-0 > .input__default').type('senha123', {\n  force: true\n});\ncy.get('label#toggleAddBalance').click({\n  force: true\n});\ncy.contains('Cadastrar').click({\n  force: true\n});\ncy.get('.input__warging').should('contain.text', 'Formato inválido');",
              "err": {},
              "uuid": "400371e6-83c4-4afd-9b46-85071a4e0c1c",
              "parentUUID": "129abe2f-7f7c-4036-8644-32b8b9dce2f7",
              "isHook": false,
              "skipped": false
            },
            {
              "title": "Transferência para uma conta inexistente",
              "fullTitle": "login Transferência para uma conta inexistente",
              "timedOut": null,
              "duration": 5212,
              "state": "passed",
              "speed": "medium",
              "pass": true,
              "fail": false,
              "pending": false,
              "context": null,
              "code": "cy.get('.ihdmxA').click();\ncy.get(':nth-child(2) > .input__default').type('willian@gmail.com', {\n  force: true\n});\ncy.get(':nth-child(3) > .input__default').type('willian rocha', {\n  force: true\n});\ncy.get(':nth-child(4) > .style__ContainerFieldInput-sc-s3e9ea-0 > .input__default').type('senha123', {\n  force: true\n});\ncy.get(':nth-child(5) > .style__ContainerFieldInput-sc-s3e9ea-0 > .input__default').type('senha123', {\n  force: true\n});\ncy.get('label#toggleAddBalance').click({\n  force: true\n});\ncy.contains('Cadastrar').click({\n  force: true\n});\ncy.get('#modalText').contains(/^A conta \\d{1,3}-\\d foi criada com sucesso$/).should('be.visible');\ncy.contains('Fechar').click();\ncy.get('.style__ContainerFormLogin-sc-1wbjw6k-0 > :nth-child(1) > .input__default').type('willian@gmail.com');\ncy.get('.style__ContainerFormLogin-sc-1wbjw6k-0 > .login__password > .style__ContainerFieldInput-sc-s3e9ea-0 > .input__default').type('senha123');\ncy.get('.otUnI').click();\ncy.get('#textName').should('contain.text', 'willian rocha');\ncy.get('#textBalance > span').should('contain.text', '1.000,00');\ncy.get('#btn-TRANSFERÊNCIA').click();\ncy.get(':nth-child(1) > .input__default').type('12345');\ncy.get('.account__data > :nth-child(2) > .input__default').type('7');\ncy.get('.styles__ContainerFormTransfer-sc-1oow0wh-0 > :nth-child(2) > .input__default').type('200');\ncy.get(':nth-child(3) > .input__default').type('Descrição da Transação');\ncy.get('.style__ContainerButton-sc-1wsixal-0').click();\ncy.get('#modalText').should('have.text', 'Conta inválida ou inexistente');\ncy.contains('Fechar').click();",
              "err": {},
              "uuid": "fd416325-408b-4815-9cdb-235acc393fa2",
              "parentUUID": "129abe2f-7f7c-4036-8644-32b8b9dce2f7",
              "isHook": false,
              "skipped": false
            }
          ],
          "suites": [],
          "passes": [
            "767daae0-ce43-4bbe-899a-20eb0d11ba55",
            "400371e6-83c4-4afd-9b46-85071a4e0c1c",
            "fd416325-408b-4815-9cdb-235acc393fa2"
          ],
          "failures": [],
          "pending": [],
          "skipped": [],
          "duration": 10765,
          "root": false,
          "rootEmpty": false,
          "_timeout": 2000
        }
      ],
      "passes": [],
      "failures": [],
      "pending": [],
      "skipped": [],
      "duration": 0,
      "root": true,
      "rootEmpty": true,
      "_timeout": 2000
    }
  ],
  "meta": {
    "mocha": {
      "version": "7.2.0"
    },
    "mochawesome": {
      "options": {
        "quiet": false,
        "reportFilename": "mochawesome",
        "saveHtml": true,
        "saveJson": true,
        "consoleReporter": "spec",
        "useInlineDiffs": false,
        "code": true
      },
      "version": "7.1.3"
    },
    "marge": {
      "options": null,
      "version": "6.2.0"
    }
  }
}